<?xml version="1.0" encoding="UTF-8"?>
<testsuites name="TS_Admin Feature" time="39.7" tests="1" failures="0" errors="0">
   <testsuite name="TS_Admin Feature" tests="1" failures="0" errors="0" time="39.7" skipped="0" timestamp="2025-09-12T21:05:59.603Z" hostname="Suhendar-PC - DESKTOP-0GKMVGL" id="Test Suites/Test Functionality/Website/TS_Admin Feature">
      <properties>
         <property name="deviceName" value=""/>
         <property name="devicePlatform"/>
         <property name="logFolder" value="E:\\Full Time Jobs\\4. Automation Test Katalon Studio\\Repository\\SQA_Automation_Test_Project\\Reports\\20250913_040545\\Test Functionality\\Website\\TS_Admin Feature\\20250913_040545"/>
         <property name="logFiles" value="E:\\Full Time Jobs\\4. Automation Test Katalon Studio\\Repository\\SQA_Automation_Test_Project\\Reports\\20250913_040545\\Test Functionality\\Website\\TS_Admin Feature\\20250913_040545\\execution0.log"/>
         <property name="attachments" value="E:\Full Time Jobs\4. Automation Test Katalon Studio\Repository\SQA_Automation_Test_Project\Reports\CustomPDFReport\TC02_Positive_Admin create without photo\Run3/screenshot_1.png, E:\Full Time Jobs\4. Automation Test Katalon Studio\Repository\SQA_Automation_Test_Project\Reports\CustomPDFReport\TC02_Positive_Admin create without photo\Run3/screenshot_2.png"/>
         <property name="hostName" value="Suhendar-PC - DESKTOP-0GKMVGL"/>
         <property name="os" value="Windows 11 64bit"/>
         <property name="katalonVersion" value="10.3.0.0"/>
         <property name="browser" value="Chrome 140.0.7339.128"/>
         <property name="userFullName" value="suhendar"/>
         <property name="hostAddress" value="192.168.1.8"/>
         <property name="sessionId" value="2b7c99f1032cc3b44c5d3c18dd7506ad"/>
         <property name="projectName" value="SQA_Automation_Test_Project"/>
         <property name="seleniumVersion" value="4.28.1"/>
         <property name="proxyInformation" value="ProxyInformation { proxyOption=NO_PROXY, proxyServerType=HTTP, username=, password=********, proxyServerAddress=, proxyServerPort=0, executionList=&quot;&quot;, isApplyToDesiredCapabilities=true }"/>
         <property name="platform" value="Windows 11"/>
      </properties>
      <testcase name="Test Cases/Web/Admin/TC02_Positive_Admin create without photo" time="36.671" classname="Test Cases/Web/Admin/TC02_Positive_Admin create without photo" status="PASSED">
         <system-out><![CDATA[13-09-2025T04:06:02 - [TEST_CASE][PASSED] - Test Cases/Web/Admin/TC02_Positive_Admin create without photo: Test Cases/Web/Admin/TC02_Positive_Admin create without photo

13-09-2025T04:06:02 - [TEST_STEP][PASSED] - Start listener action : beforeTestCase: null

13-09-2025T04:06:02 - [TEST_STEP][PASSED] - ••••••••CaseName = split("/").last(): null

13-09-2025T04:06:02 - [TEST_STEP][PASSED] - TestDataUtils.loadTestData(••••••••CaseName): null

13-09-2025T04:06:04 - [TEST_STEP][PASSED] - if (Single_Open_Browser == false): null

13-09-2025T04:06:04 - [TEST_STEP][PASSED] - WebActions().openBrowser("Chrome", Web_Url): null

13-09-2025T04:06:11 - [TEST_STEP][PASSED] - tcName = getTestCaseId().tokenize("/")[-1]: null

13-09-2025T04:06:11 - [TEST_STEP][PASSED] - TempGlobalVariables.set("Test_Case_Name", tcName): null

13-09-2025T04:06:11 - [TEST_STEP][PASSED] - ReportUtils.createNewFolder(tcName): null

13-09-2025T04:06:11 - [TEST_STEP][PASSED] - startTimes[tcName] = System.currentTimeMillis(): null

13-09-2025T04:06:11 - [TEST_STEP][PASSED] - login = new pageObjects.WebLoginPage(): null

13-09-2025T04:06:12 - [TEST_STEP][PASSED] - admin = new pageObjects.WebAdminPage(): null

13-09-2025T04:06:12 - [TEST_STEP][PASSED] - report = new generic.ReportUtils(): null

13-09-2025T04:06:12 - [TEST_STEP][PASSED] - dashboard = new pageObjects.WebDashboardPage(): null

13-09-2025T04:06:12 - [TEST_STEP][PASSED] - data = currentTestData: null

13-09-2025T04:06:12 - [TEST_STEP][PASSED] - index = currentIndex: null

13-09-2025T04:06:12 - [TEST_STEP][PASSED] - if (Single_Login == true): null

13-09-2025T04:06:12 - [TEST_STEP][PASSED] - else: Object: 'btnLogout' is clicked on

13-09-2025T04:06:12 - [TEST_STEP][PASSED] - login.loginAdminSuccessfully(Admin_Username, Admin_Password): Object: 'btnLogin' is clicked on

13-09-2025T04:06:13 - [MESSAGE][PASSED] - Execute JavaScript 'arguments[0].setAttribute('style', 'border: 3px solid red; border-style: dashed;')' successfully

13-09-2025T04:06:13 - [MESSAGE][PASSED] - Execute JavaScript 'arguments[0].setAttribute('style', '')' successfully

13-09-2025T04:06:14 - [MESSAGE][PASSED] - Text 'suhendar' is set on object 'txtUsername'

13-09-2025T04:06:14 - [MESSAGE][PASSED] - Execute JavaScript 'arguments[0].setAttribute('style', 'border: 3px solid red; border-style: dashed;')' successfully

13-09-2025T04:06:14 - [MESSAGE][PASSED] - Execute JavaScript 'arguments[0].setAttribute('style', '')' successfully

13-09-2025T04:06:14 - [MESSAGE][PASSED] - Text ****** has been set on object 'txtPassword'

13-09-2025T04:06:15 - [MESSAGE][PASSED] - Execute JavaScript 'arguments[0].setAttribute('style', 'border: 3px solid red; border-style: dashed;')' successfully

13-09-2025T04:06:15 - [MESSAGE][PASSED] - Execute JavaScript 'arguments[0].setAttribute('style', '')' successfully

13-09-2025T04:06:20 - [MESSAGE][PASSED] - Object: 'btnLogin' is clicked on

13-09-2025T04:06:20 - [TEST_STEP][PASSED] - dashboard.clickMenuPetugas(): Object: 'btnLogout' is clicked on

13-09-2025T04:06:21 - [MESSAGE][PASSED] - Execute JavaScript 'arguments[0].setAttribute('style', 'border: 3px solid red; border-style: dashed;')' successfully

13-09-2025T04:06:21 - [MESSAGE][PASSED] - Execute JavaScript 'arguments[0].setAttribute('style', '')' successfully

13-09-2025T04:06:24 - [MESSAGE][PASSED] - Object: 'btnLogout' is clicked on

13-09-2025T04:06:24 - [TEST_STEP][PASSED] - admin.clickTambahAdmin(): Object: 'btnTambahAdmin' is clicked on

13-09-2025T04:06:25 - [MESSAGE][PASSED] - Execute JavaScript 'arguments[0].setAttribute('style', 'border: 3px solid red; border-style: dashed;')' successfully

13-09-2025T04:06:25 - [MESSAGE][PASSED] - Execute JavaScript 'arguments[0].setAttribute('style', '')' successfully

13-09-2025T04:06:28 - [MESSAGE][PASSED] - Object: 'btnTambahAdmin' is clicked on

13-09-2025T04:06:28 - [TEST_STEP][PASSED] - admin.inputUsername(data.getValue("Username", index)): Text 'admin02' is set on object 'txtAdminUsername'

13-09-2025T04:06:28 - [MESSAGE][PASSED] - Execute JavaScript 'arguments[0].setAttribute('style', 'border: 3px solid red; border-style: dashed;')' successfully

13-09-2025T04:06:28 - [MESSAGE][PASSED] - Execute JavaScript 'arguments[0].setAttribute('style', '')' successfully

13-09-2025T04:06:29 - [MESSAGE][PASSED] - Text 'admin02' is set on object 'txtAdminUsername'

13-09-2025T04:06:29 - [TEST_STEP][PASSED] - admin.inputPassword(data.getValue("Password", index)): Text 'Admin@123' is set on object 'txtAdminPassword'

13-09-2025T04:06:29 - [MESSAGE][PASSED] - Execute JavaScript 'arguments[0].setAttribute('style', 'border: 3px solid red; border-style: dashed;')' successfully

13-09-2025T04:06:29 - [MESSAGE][PASSED] - Execute JavaScript 'arguments[0].setAttribute('style', '')' successfully

13-09-2025T04:06:29 - [MESSAGE][PASSED] - Text 'Admin@123' is set on object 'txtAdminPassword'

13-09-2025T04:06:29 - [TEST_STEP][PASSED] - admin.inputEmail(data.getValue("Email", index)): Text 'admin02@example.com' is set on object 'txtAdminEmail'

13-09-2025T04:06:29 - [MESSAGE][PASSED] - Execute JavaScript 'arguments[0].setAttribute('style', 'border: 3px solid red; border-style: dashed;')' successfully

13-09-2025T04:06:30 - [MESSAGE][PASSED] - Execute JavaScript 'arguments[0].setAttribute('style', '')' successfully

13-09-2025T04:06:30 - [MESSAGE][PASSED] - Text 'admin02@example.com' is set on object 'txtAdminEmail'

13-09-2025T04:06:30 - [TEST_STEP][PASSED] - ReportUtils.captureScreenshot(): Taking screenshot successfully

13-09-2025T04:06:30 - [MESSAGE][PASSED] - Taking screenshot successfully
[[ATTACHMENT|E:\Full Time Jobs\4. Automation Test Katalon Studio\Repository\SQA_Automation_Test_Project\Reports\CustomPDFReport\TC02_Positive_Admin create without photo\Run3/screenshot_1.png]]

13-09-2025T04:06:30 - [TEST_STEP][PASSED] - admin.clickSimpan(): Object: 'btnAdminSimpan' is clicked on

13-09-2025T04:06:31 - [MESSAGE][PASSED] - Execute JavaScript 'arguments[0].setAttribute('style', 'border: 3px solid red; border-style: dashed;')' successfully

13-09-2025T04:06:31 - [MESSAGE][PASSED] - Execute JavaScript 'arguments[0].setAttribute('style', '')' successfully

13-09-2025T04:06:31 - [MESSAGE][PASSED] - Object: 'btnAdminSimpan' is clicked on

13-09-2025T04:06:31 - [TEST_STEP][PASSED] - admin.verifyListDataAdmin(data.getValue("Username", index), data.getValue("Email", index)): ✅ Data ditemukan dan unik: [admin02, admin02@example.com]

13-09-2025T04:06:34 - [MESSAGE][PASSED] - Delayed 3 second(s)

13-09-2025T04:06:36 - [MESSAGE][PASSED] - Execute JavaScript 'arguments[0].setAttribute('style', 'border: 3px solid red; border-style: dashed;')' successfully

13-09-2025T04:06:36 - [MESSAGE][PASSED] - Execute JavaScript 'arguments[0].setAttribute('style', '')' successfully

13-09-2025T04:06:36 - [MESSAGE][PASSED] - Found web elements by •••••••• object tableRows

13-09-2025T04:06:36 - [MESSAGE][INFO] - Jumlah row ditemukan: 3

13-09-2025T04:06:36 - [MESSAGE][PASSED] - Text of object 'cell_1_2' is: 'admin02'

13-09-2025T04:06:36 - [MESSAGE][PASSED] - Execute JavaScript 'arguments[0].setAttribute('style', 'border: 3px solid red; border-style: dashed;')' successfully

13-09-2025T04:06:37 - [MESSAGE][PASSED] - Execute JavaScript 'arguments[0].setAttribute('style', '')' successfully

13-09-2025T04:06:37 - [MESSAGE][INFO] - Row 1, Col 2: 'admin02' vs 'admin02'

13-09-2025T04:06:37 - [MESSAGE][PASSED] - Text of object 'cell_1_3' is: 'admin02@example.com'

13-09-2025T04:06:37 - [MESSAGE][PASSED] - Execute JavaScript 'arguments[0].setAttribute('style', 'border: 3px solid red; border-style: dashed;')' successfully

13-09-2025T04:06:37 - [MESSAGE][PASSED] - Execute JavaScript 'arguments[0].setAttribute('style', '')' successfully

13-09-2025T04:06:37 - [MESSAGE][INFO] - Row 1, Col 3: 'admin02@example.com' vs 'admin02@example.com'

13-09-2025T04:06:37 - [MESSAGE][PASSED] - Text of object 'cell_2_2' is: 'admin03'

13-09-2025T04:06:37 - [MESSAGE][PASSED] - Execute JavaScript 'arguments[0].setAttribute('style', 'border: 3px solid red; border-style: dashed;')' successfully

13-09-2025T04:06:38 - [MESSAGE][PASSED] - Execute JavaScript 'arguments[0].setAttribute('style', '')' successfully

13-09-2025T04:06:38 - [MESSAGE][INFO] - Row 2, Col 2: 'admin03' vs 'admin02'

13-09-2025T04:06:38 - [MESSAGE][PASSED] - Text of object 'cell_3_2' is: 'Suhendar'

13-09-2025T04:06:38 - [MESSAGE][PASSED] - Execute JavaScript 'arguments[0].setAttribute('style', 'border: 3px solid red; border-style: dashed;')' successfully

13-09-2025T04:06:38 - [MESSAGE][PASSED] - Execute JavaScript 'arguments[0].setAttribute('style', '')' successfully

13-09-2025T04:06:38 - [MESSAGE][INFO] - Row 3, Col 2: 'Suhendar' vs 'admin02'

13-09-2025T04:06:38 - [MESSAGE][INFO] - ✅ Data ditemukan dan unik: [admin02, admin02@example.com]

13-09-2025T04:06:38 - [TEST_STEP][PASSED] - ReportUtils.captureScreenshot(): Taking screenshot successfully

13-09-2025T04:06:38 - [MESSAGE][PASSED] - Taking screenshot successfully
[[ATTACHMENT|E:\Full Time Jobs\4. Automation Test Katalon Studio\Repository\SQA_Automation_Test_Project\Reports\CustomPDFReport\TC02_Positive_Admin create without photo\Run3/screenshot_2.png]]

13-09-2025T04:06:38 - [TEST_STEP][PASSED] - Start listener action : afterTestCase: null

13-09-2025T04:06:38 - [TEST_STEP][PASSED] - if (Close_Session_TC == true): null

13-09-2025T04:06:38 - [TEST_STEP][PASSED] - data = currentTestData: null

13-09-2025T04:06:38 - [TEST_STEP][PASSED] - index = currentIndex: null

13-09-2025T04:06:38 - [TEST_STEP][PASSED] - tcName = getTestCaseId().split("/")[-1]: null

13-09-2025T04:06:38 - [TEST_STEP][PASSED] - startTime = (startTimes[tcName]) ? startTimes[tcName] : java.lang.System.currentTimeMillis(): null

13-09-2025T04:06:39 - [TEST_STEP][PASSED] - endTime = System.currentTimeMillis(): null

13-09-2025T04:06:39 - [TEST_STEP][PASSED] - execTimeInSeconds = endTime - startTime / 1000.0: null

13-09-2025T04:06:39 - [TEST_STEP][PASSED] - rawStatus = (••••••••CaseContext.getTestCaseStatus()) ? ••••••••CaseContext.getTestCaseStatus() : NOT_EXECUTED: null

13-09-2025T04:06:39 - [TEST_STEP][PASSED] - status = <not implemented yet for class: org.codehaus.groovy.ast.expr.EmptyExpression>: null

13-09-2025T04:06:39 - [TEST_STEP][PASSED] - switch (rawStatus.toUpperCase()): null

13-09-2025T04:06:39 - [TEST_STEP][PASSED] - case "PASSED":: null

13-09-2025T04:06:39 - [TEST_STEP][PASSED] - status = "PASS": null

13-09-2025T04:06:39 - [TEST_STEP][PASSED] - break: null

13-09-2025T04:06:39 - [TEST_STEP][PASSED] - println([INFO] TC: $tcName, Status=$status, Time=$String.format(%.2f, execTimeInSeconds) detik): null

13-09-2025T04:06:39 - [TEST_STEP][PASSED] - projectDir = getProjectDir(): null

13-09-2025T04:06:39 - [TEST_STEP][PASSED] - baseFolder = new java.io.File($projectDir/Reports/CustomPDFReport/$tcName): null

13-09-2025T04:06:39 - [TEST_STEP][PASSED] - if (!(baseFolder.exists())): null

13-09-2025T04:06:39 - [TEST_STEP][PASSED] - targetRunFolder = null: null

13-09-2025T04:06:39 - [TEST_STEP][PASSED] - runFolders = (baseFolder.listFiles()?.findAll({ -> ... })) ? baseFolder.listFiles()?.findAll({ -> ... }) : []: null

13-09-2025T04:06:39 - [TEST_STEP][PASSED] - if (runFolders): null

13-09-2025T04:06:39 - [TEST_STEP][PASSED] - targetRunFolder = runFolders.max({ java.lang.Object f -> ... }): null

13-09-2025T04:06:39 - [TEST_STEP][PASSED] - if (!(targetRunFolder)): null

13-09-2025T04:06:39 - [TEST_STEP][PASSED] - screenshots = []: null

13-09-2025T04:06:39 - [TEST_STEP][PASSED] - if (status.equalsIgnoreCase("FAIL")): null

13-09-2025T04:06:39 - [TEST_STEP][PASSED] - else: null

13-09-2025T04:06:39 - [TEST_STEP][PASSED] -  }).each({ java.lang.Object file -> ... }): null

13-09-2025T04:06:39 - [TEST_STEP][PASSED] - remarks = (status.equalsIgnoreCase(PASS)) ? Test case passed : Error displayed: null

13-09-2025T04:06:39 - [TEST_STEP][PASSED] - ••••••••Cases << ["id":tcName, "name":data.getValue("Description", index), "status":status, "time":execTimeInSeconds, "screenshot":screenshots, ... ]: null]]></system-out>
         <system-err><![CDATA[]]></system-err>
      </testcase>
      <system-out><![CDATA[13-09-2025T04:05:59 - [TEST_STEP][PASSED] - Start listener action : beforeTestSuite: null

13-09-2025T04:05:59 - [TEST_STEP][PASSED] - if (Single_Open_Browser == true): null

13-09-2025T04:06:02 - [TEST_STEP][PASSED] - testCases.clear(): null

13-09-2025T04:06:02 - [TEST_STEP][PASSED] - startTimes.clear(): null

13-09-2025T04:06:02 - [TEST_STEP][PASSED] - println([INFO] Mulai Test Suite: $testSuiteContext.getTestSuiteId()): null

13-09-2025T04:05:59 - [TEST_SUITE][PASSED] - TS_Admin Feature: null

13-09-2025T04:06:39 - [TEST_STEP][PASSED] - Start listener action : afterTestSuite: null

13-09-2025T04:06:39 - [TEST_STEP][PASSED] - if (Close_Session_TS == true): Browser is closed

13-09-2025T04:06:39 - [TEST_STEP][PASSED] - closeBrowser(): Browser is closed

13-09-2025T04:06:40 - [MESSAGE][PASSED] - Browser is closed

13-09-2025T04:06:40 - [TEST_STEP][PASSED] - ••••••••SuiteName = getTestSuiteId().split("/")[-1]: null

13-09-2025T04:06:40 - [TEST_STEP][PASSED] - timestamp = Date().format("yyyyMMdd_HHmmss"): null

13-09-2025T04:06:40 - [TEST_STEP][PASSED] - pdfPath = getProjectDir() + /Reports/CustomPDFReport/$••••••••SuiteName_Report_$timestamp.pdf: null

13-09-2025T04:06:40 - [TEST_STEP][PASSED] - PdfReportGenerator.generateReport(pdfPath, ••••••••Cases, ••••••••SuiteName): null

13-09-2025T04:06:41 - [TEST_STEP][PASSED] - println([INFO] PDF report berhasil dibuat: $pdfPath): null

13-09-2025T04:06:41 - [TEST_STEP][PASSED] - total = ••••••••Cases.size(): null

13-09-2025T04:06:41 - [TEST_STEP][PASSED] - passed = ••••••••Cases.count({ -> ... }): null

13-09-2025T04:06:41 - [TEST_STEP][PASSED] - failed = ••••••••Cases.count({ -> ... }): null

13-09-2025T04:06:41 - [TEST_STEP][PASSED] - passRate = ((total > 0)) ? ((passed * 100.0) / total) : 0: null

13-09-2025T04:06:42 - [TEST_STEP][PASSED] - println([SUMMARY] Total=$total, Passed=$passed, Failed=$failed, PassRate=$String.format(%.2f%%, passRate)): null]]></system-out>
      <system-err><![CDATA[]]></system-err>
   </testsuite>
</testsuites>
